[debug] [2024-05-07T19:47:16.167Z] ----------------------------------------------------------------------
[debug] [2024-05-07T19:47:16.169Z] Command:       /usr/local/bin/node /usr/local/bin/firebase deploy --only functions
[debug] [2024-05-07T19:47:16.169Z] CLI Version:   13.0.2
[debug] [2024-05-07T19:47:16.169Z] Platform:      darwin
[debug] [2024-05-07T19:47:16.169Z] Node Version:  v20.10.0
[debug] [2024-05-07T19:47:16.169Z] Time:          Tue May 07 2024 15:47:16 GMT-0400 (Eastern Daylight Time)
[debug] [2024-05-07T19:47:16.169Z] ----------------------------------------------------------------------
[debug] 
[debug] [2024-05-07T19:47:16.210Z] > command requires scopes: ["email","openid","https://www.googleapis.com/auth/cloudplatformprojects.readonly","https://www.googleapis.com/auth/firebase","https://www.googleapis.com/auth/cloud-platform"]
[debug] [2024-05-07T19:47:16.210Z] > authorizing via signed-in user (presence.exp@gmail.com)
[debug] [2024-05-07T19:47:16.210Z] [iam] checking project presence-9cced for permissions ["cloudfunctions.functions.create","cloudfunctions.functions.delete","cloudfunctions.functions.get","cloudfunctions.functions.list","cloudfunctions.functions.update","cloudfunctions.operations.get","firebase.projects.get"]
[debug] [2024-05-07T19:47:16.211Z] > refreshing access token with scopes: []
[debug] [2024-05-07T19:47:16.212Z] >>> [apiv2][query] POST https://www.googleapis.com/oauth2/v3/token [none]
[debug] [2024-05-07T19:47:16.212Z] >>> [apiv2][body] POST https://www.googleapis.com/oauth2/v3/token [omitted]
[debug] [2024-05-07T19:47:16.349Z] <<< [apiv2][status] POST https://www.googleapis.com/oauth2/v3/token 200
[debug] [2024-05-07T19:47:16.349Z] <<< [apiv2][body] POST https://www.googleapis.com/oauth2/v3/token [omitted]
[debug] [2024-05-07T19:47:16.355Z] >>> [apiv2][query] POST https://cloudresourcemanager.googleapis.com/v1/projects/presence-9cced:testIamPermissions [none]
[debug] [2024-05-07T19:47:16.355Z] >>> [apiv2][(partial)header] POST https://cloudresourcemanager.googleapis.com/v1/projects/presence-9cced:testIamPermissions x-goog-quota-user=projects/presence-9cced
[debug] [2024-05-07T19:47:16.355Z] >>> [apiv2][body] POST https://cloudresourcemanager.googleapis.com/v1/projects/presence-9cced:testIamPermissions {"permissions":["cloudfunctions.functions.create","cloudfunctions.functions.delete","cloudfunctions.functions.get","cloudfunctions.functions.list","cloudfunctions.functions.update","cloudfunctions.operations.get","firebase.projects.get"]}
[debug] [2024-05-07T19:47:16.531Z] <<< [apiv2][status] POST https://cloudresourcemanager.googleapis.com/v1/projects/presence-9cced:testIamPermissions 200
[debug] [2024-05-07T19:47:16.531Z] <<< [apiv2][body] POST https://cloudresourcemanager.googleapis.com/v1/projects/presence-9cced:testIamPermissions {"permissions":["cloudfunctions.functions.create","cloudfunctions.functions.delete","cloudfunctions.functions.get","cloudfunctions.functions.list","cloudfunctions.functions.update","cloudfunctions.operations.get","firebase.projects.get"]}
[debug] [2024-05-07T19:47:16.531Z] >>> [apiv2][query] POST https://iam.googleapis.com/v1/projects/presence-9cced/serviceAccounts/presence-9cced@appspot.gserviceaccount.com:testIamPermissions [none]
[debug] [2024-05-07T19:47:16.532Z] >>> [apiv2][body] POST https://iam.googleapis.com/v1/projects/presence-9cced/serviceAccounts/presence-9cced@appspot.gserviceaccount.com:testIamPermissions {"permissions":["iam.serviceAccounts.actAs"]}
[debug] [2024-05-07T19:47:16.714Z] <<< [apiv2][status] POST https://iam.googleapis.com/v1/projects/presence-9cced/serviceAccounts/presence-9cced@appspot.gserviceaccount.com:testIamPermissions 200
[debug] [2024-05-07T19:47:16.714Z] <<< [apiv2][body] POST https://iam.googleapis.com/v1/projects/presence-9cced/serviceAccounts/presence-9cced@appspot.gserviceaccount.com:testIamPermissions {"permissions":["iam.serviceAccounts.actAs"]}
[info] 
[info] === Deploying to 'presence-9cced'...
[info] 
[info] i  deploying functions 
[debug] [2024-05-07T19:47:16.716Z] >>> [apiv2][query] GET https://firebase.googleapis.com/v1beta1/projects/presence-9cced [none]
[debug] [2024-05-07T19:47:17.021Z] <<< [apiv2][status] GET https://firebase.googleapis.com/v1beta1/projects/presence-9cced 200
[debug] [2024-05-07T19:47:17.021Z] <<< [apiv2][body] GET https://firebase.googleapis.com/v1beta1/projects/presence-9cced {"projectId":"presence-9cced","projectNumber":"1083294801819","displayName":"presence","name":"projects/presence-9cced","resources":{"hostingSite":"presence-9cced","storageBucket":"presence-9cced.appspot.com","locationId":"us-central"},"state":"ACTIVE","etag":"1_e44516fa-6c9a-46a0-b0e7-bd16b105a1d8"}
[info] i  functions: preparing codebase default for deployment 
[info] i  functions: ensuring required API cloudfunctions.googleapis.com is enabled... 
[info] i  functions: ensuring required API cloudbuild.googleapis.com is enabled... 
[info] i  artifactregistry: ensuring required API artifactregistry.googleapis.com is enabled... 
[debug] [2024-05-07T19:47:17.023Z] >>> [apiv2][query] GET https://serviceusage.googleapis.com/v1/projects/presence-9cced/services/cloudfunctions.googleapis.com [none]
[debug] [2024-05-07T19:47:17.023Z] >>> [apiv2][(partial)header] GET https://serviceusage.googleapis.com/v1/projects/presence-9cced/services/cloudfunctions.googleapis.com x-goog-quota-user=projects/presence-9cced
[debug] [2024-05-07T19:47:17.024Z] >>> [apiv2][query] GET https://serviceusage.googleapis.com/v1/projects/presence-9cced/services/runtimeconfig.googleapis.com [none]
[debug] [2024-05-07T19:47:17.024Z] >>> [apiv2][(partial)header] GET https://serviceusage.googleapis.com/v1/projects/presence-9cced/services/runtimeconfig.googleapis.com x-goog-quota-user=projects/presence-9cced
[debug] [2024-05-07T19:47:17.026Z] >>> [apiv2][query] GET https://serviceusage.googleapis.com/v1/projects/presence-9cced/services/cloudbuild.googleapis.com [none]
[debug] [2024-05-07T19:47:17.026Z] >>> [apiv2][(partial)header] GET https://serviceusage.googleapis.com/v1/projects/presence-9cced/services/cloudbuild.googleapis.com x-goog-quota-user=projects/presence-9cced
[debug] [2024-05-07T19:47:17.027Z] >>> [apiv2][query] GET https://serviceusage.googleapis.com/v1/projects/presence-9cced/services/artifactregistry.googleapis.com [none]
[debug] [2024-05-07T19:47:17.027Z] >>> [apiv2][(partial)header] GET https://serviceusage.googleapis.com/v1/projects/presence-9cced/services/artifactregistry.googleapis.com x-goog-quota-user=projects/presence-9cced
[debug] [2024-05-07T19:47:17.449Z] <<< [apiv2][status] GET https://serviceusage.googleapis.com/v1/projects/presence-9cced/services/cloudfunctions.googleapis.com 200
[debug] [2024-05-07T19:47:17.449Z] <<< [apiv2][body] GET https://serviceusage.googleapis.com/v1/projects/presence-9cced/services/cloudfunctions.googleapis.com [omitted]
[info] ✔  functions: required API cloudfunctions.googleapis.com is enabled 
[debug] [2024-05-07T19:47:17.450Z] <<< [apiv2][status] GET https://serviceusage.googleapis.com/v1/projects/presence-9cced/services/cloudbuild.googleapis.com 200
[debug] [2024-05-07T19:47:17.450Z] <<< [apiv2][body] GET https://serviceusage.googleapis.com/v1/projects/presence-9cced/services/cloudbuild.googleapis.com [omitted]
[info] ✔  functions: required API cloudbuild.googleapis.com is enabled 
[debug] [2024-05-07T19:47:17.456Z] <<< [apiv2][status] GET https://serviceusage.googleapis.com/v1/projects/presence-9cced/services/runtimeconfig.googleapis.com 200
[debug] [2024-05-07T19:47:17.456Z] <<< [apiv2][body] GET https://serviceusage.googleapis.com/v1/projects/presence-9cced/services/runtimeconfig.googleapis.com [omitted]
[debug] [2024-05-07T19:47:17.471Z] <<< [apiv2][status] GET https://serviceusage.googleapis.com/v1/projects/presence-9cced/services/artifactregistry.googleapis.com 200
[debug] [2024-05-07T19:47:17.471Z] <<< [apiv2][body] GET https://serviceusage.googleapis.com/v1/projects/presence-9cced/services/artifactregistry.googleapis.com [omitted]
[info] ✔  artifactregistry: required API artifactregistry.googleapis.com is enabled 
[debug] [2024-05-07T19:47:17.472Z] >>> [apiv2][query] GET https://firebase.googleapis.com/v1beta1/projects/presence-9cced/adminSdkConfig [none]
[debug] [2024-05-07T19:47:17.842Z] <<< [apiv2][status] GET https://firebase.googleapis.com/v1beta1/projects/presence-9cced/adminSdkConfig 200
[debug] [2024-05-07T19:47:17.842Z] <<< [apiv2][body] GET https://firebase.googleapis.com/v1beta1/projects/presence-9cced/adminSdkConfig {"projectId":"presence-9cced","storageBucket":"presence-9cced.appspot.com","locationId":"us-central"}
[debug] [2024-05-07T19:47:17.843Z] >>> [apiv2][query] GET https://runtimeconfig.googleapis.com/v1beta1/projects/presence-9cced/configs [none]
[debug] [2024-05-07T19:47:17.941Z] <<< [apiv2][status] GET https://runtimeconfig.googleapis.com/v1beta1/projects/presence-9cced/configs 200
[debug] [2024-05-07T19:47:17.942Z] <<< [apiv2][body] GET https://runtimeconfig.googleapis.com/v1beta1/projects/presence-9cced/configs {"configs":[{"name":"projects/presence-9cced/configs/stripe"}]}
[debug] [2024-05-07T19:47:17.942Z] >>> [apiv2][query] GET https://runtimeconfig.googleapis.com/v1beta1/projects/presence-9cced/configs/stripe/variables [none]
[debug] [2024-05-07T19:47:18.008Z] <<< [apiv2][status] GET https://runtimeconfig.googleapis.com/v1beta1/projects/presence-9cced/configs/stripe/variables 200
[debug] [2024-05-07T19:47:18.008Z] <<< [apiv2][body] GET https://runtimeconfig.googleapis.com/v1beta1/projects/presence-9cced/configs/stripe/variables {"variables":[{"name":"projects/presence-9cced/configs/stripe/variables/key","updateTime":"2024-05-07T19:09:50.806028339Z"}]}
[debug] [2024-05-07T19:47:18.008Z] >>> [apiv2][query] GET https://runtimeconfig.googleapis.com/v1beta1/projects/presence-9cced/configs/stripe/variables/key [none]
[debug] [2024-05-07T19:47:18.080Z] <<< [apiv2][status] GET https://runtimeconfig.googleapis.com/v1beta1/projects/presence-9cced/configs/stripe/variables/key 200
[debug] [2024-05-07T19:47:18.080Z] <<< [apiv2][body] GET https://runtimeconfig.googleapis.com/v1beta1/projects/presence-9cced/configs/stripe/variables/key {"name":"projects/presence-9cced/configs/stripe/variables/key","updateTime":"2024-05-07T19:09:50.806028339Z","text":"sk_test_51O7iRVFEUYf0NSHOEXvoeuYGZF6NOmG0qrIHZ8mkehOaGEnMJKo1Ekg2mv33mdXkxxFZMBWISJuUgAmMy1wOJtVG00eWo2YtBf"}
[debug] [2024-05-07T19:47:18.082Z] Validating nodejs source
[warn] ⚠  functions: package.json indicates an outdated version of firebase-functions. Please upgrade using npm install --save firebase-functions@latest in your functions directory. 
[warn] ⚠  functions: Please note that there will be breaking changes when you upgrade. 
[debug] [2024-05-07T19:47:18.406Z] > [functions] package.json contents: {
  "name": "functions",
  "description": "Cloud Functions for Firebase",
  "scripts": {
    "serve": "firebase emulators:start --only functions",
    "shell": "firebase functions:shell",
    "start": "npm run shell",
    "deploy": "firebase deploy --only functions",
    "logs": "firebase functions:log"
  },
  "engines": {
    "node": "18"
  },
  "main": "index.js",
  "dependencies": {
    "firebase-admin": "^11.8.0",
    "firebase-functions": "^4.3.1"
  },
  "devDependencies": {
    "firebase-functions-test": "^3.1.0"
  },
  "private": true
}
[debug] [2024-05-07T19:47:18.406Z] Building nodejs source
[info] i  functions: Loading and analyzing source code for codebase default to determine what to deploy 
[debug] [2024-05-07T19:47:18.407Z] Could not find functions.yaml. Must use http discovery
[debug] [2024-05-07T19:47:18.411Z] Found firebase-functions binary at '/Users/kivaloor/Documents/Projects/00 Active/presence/presence-site/functions/node_modules/.bin/firebase-functions'
[info] Serving at port 8254

[debug] [2024-05-07T19:47:18.703Z] Got response from /__/functions.yaml {"endpoints":{"createPaymentIntent":{"platform":"gcfv1","availableMemoryMb":null,"timeoutSeconds":null,"minInstances":null,"maxInstances":null,"ingressSettings":null,"serviceAccountEmail":null,"vpc":null,"httpsTrigger":{},"entryPoint":"createPaymentIntent"}},"specVersion":"v1alpha1","requiredAPIs":[]}
[info] i  functions: preparing functions directory for uploading... 
[info] i  functions: packaged /Users/kivaloor/Documents/Projects/00 Active/presence/presence-site/functions (67.5 KB) for uploading 
[debug] [2024-05-07T19:47:23.738Z] >>> [apiv2][query] GET https://cloudfunctions.googleapis.com/v1/projects/presence-9cced/locations/-/functions [none]
[debug] [2024-05-07T19:47:24.805Z] <<< [apiv2][status] GET https://cloudfunctions.googleapis.com/v1/projects/presence-9cced/locations/-/functions 200
[debug] [2024-05-07T19:47:24.806Z] <<< [apiv2][body] GET https://cloudfunctions.googleapis.com/v1/projects/presence-9cced/locations/-/functions {}
[debug] [2024-05-07T19:47:24.807Z] >>> [apiv2][query] GET https://cloudfunctions.googleapis.com/v2/projects/presence-9cced/locations/-/functions filter=environment%3D%22GEN_2%22
[debug] [2024-05-07T19:47:25.314Z] <<< [apiv2][status] GET https://cloudfunctions.googleapis.com/v2/projects/presence-9cced/locations/-/functions 200
[debug] [2024-05-07T19:47:25.315Z] <<< [apiv2][body] GET https://cloudfunctions.googleapis.com/v2/projects/presence-9cced/locations/-/functions {}
[debug] [2024-05-07T19:47:25.318Z] >>> [apiv2][query] GET https://firebase.googleapis.com/v1beta1/projects/presence-9cced [none]
[debug] [2024-05-07T19:47:25.509Z] <<< [apiv2][status] GET https://firebase.googleapis.com/v1beta1/projects/presence-9cced 200
[debug] [2024-05-07T19:47:25.509Z] <<< [apiv2][body] GET https://firebase.googleapis.com/v1beta1/projects/presence-9cced {"projectId":"presence-9cced","projectNumber":"1083294801819","displayName":"presence","name":"projects/presence-9cced","resources":{"hostingSite":"presence-9cced","storageBucket":"presence-9cced.appspot.com","locationId":"us-central"},"state":"ACTIVE","etag":"1_e44516fa-6c9a-46a0-b0e7-bd16b105a1d8"}
[debug] [2024-05-07T19:47:25.510Z] [functions] found 1 new HTTP functions, testing setIamPolicy permission...
[debug] [2024-05-07T19:47:25.511Z] >>> [apiv2][query] POST https://cloudresourcemanager.googleapis.com/v1/projects/presence-9cced:testIamPermissions [none]
[debug] [2024-05-07T19:47:25.511Z] >>> [apiv2][(partial)header] POST https://cloudresourcemanager.googleapis.com/v1/projects/presence-9cced:testIamPermissions x-goog-quota-user=projects/presence-9cced
[debug] [2024-05-07T19:47:25.511Z] >>> [apiv2][body] POST https://cloudresourcemanager.googleapis.com/v1/projects/presence-9cced:testIamPermissions {"permissions":["cloudfunctions.functions.setIamPolicy"]}
[debug] [2024-05-07T19:47:25.691Z] <<< [apiv2][status] POST https://cloudresourcemanager.googleapis.com/v1/projects/presence-9cced:testIamPermissions 200
[debug] [2024-05-07T19:47:25.691Z] <<< [apiv2][body] POST https://cloudresourcemanager.googleapis.com/v1/projects/presence-9cced:testIamPermissions {"permissions":["cloudfunctions.functions.setIamPolicy"]}
[debug] [2024-05-07T19:47:25.692Z] [functions] found setIamPolicy permission, proceeding with deploy
[debug] [2024-05-07T19:47:25.692Z] >>> [apiv2][query] POST https://cloudfunctions.googleapis.com/v1/projects/presence-9cced/locations/us-central1/functions:generateUploadUrl [none]
[debug] [2024-05-07T19:47:25.692Z] >>> [apiv2][body] POST https://cloudfunctions.googleapis.com/v1/projects/presence-9cced/locations/us-central1/functions:generateUploadUrl {}
[debug] [2024-05-07T19:47:33.965Z] <<< [apiv2][status] POST https://cloudfunctions.googleapis.com/v1/projects/presence-9cced/locations/us-central1/functions:generateUploadUrl 200
[debug] [2024-05-07T19:47:33.965Z] <<< [apiv2][body] POST https://cloudfunctions.googleapis.com/v1/projects/presence-9cced/locations/us-central1/functions:generateUploadUrl {"uploadUrl":"https://storage.googleapis.com/uploads-785531581071.us-central1.cloudfunctions.appspot.com/75ea8689-bc76-4b50-83b7-e60bf39731a0.zip?GoogleAccessId=service-1083294801819@gcf-admin-robot.iam.gserviceaccount.com&Expires=1715113053&Signature=VQxJCAGCMj8O%2BpLyJeU53KFctH9Ky2oUlrh2aWh5Y%2F%2BsDoIVe3%2Bhsio%2BcM%2FInDQAf7%2FnYHoxFG3GwMexwl1%2FKtAOu22gmQr9GSXeYG2ZOTA9me2znSYfEV0ey693GlsHFDrqxG7vwQ6jYKNpxt4uN3YsQk%2BDrUYNV9QD%2BlJ3%2FtPQG%2B0mYmYXqRdoChGwiTpLb0XhOpeC%2Fa1VGX9DpYXDFDKZ0kBGI86tOCjc60BDZBCnsxMwuF7OA4BOsn1RDi%2BGttXUg87iWZSzPu9K9zwmcE93bC5EHN5nyaFsZ3aDJok0Z2yWqynMXten0oQF2sovRY8Fy1l8f%2B8O6AJ0RoLtHg%3D%3D"}
[debug] [2024-05-07T19:47:33.966Z] >>> [apiv2][query] PUT https://storage.googleapis.com/uploads-785531581071.us-central1.cloudfunctions.appspot.com/75ea8689-bc76-4b50-83b7-e60bf39731a0.zip GoogleAccessId=service-1083294801819%40gcf-admin-robot.iam.gserviceaccount.com&Expires=1715113053&Signature=VQxJCAGCMj8O%2BpLyJeU53KFctH9Ky2oUlrh2aWh5Y%2F%2BsDoIVe3%2Bhsio%2BcM%2FInDQAf7%2FnYHoxFG3GwMexwl1%2FKtAOu22gmQr9GSXeYG2ZOTA9me2znSYfEV0ey693GlsHFDrqxG7vwQ6jYKNpxt4uN3YsQk%2BDrUYNV9QD%2BlJ3%2FtPQG%2B0mYmYXqRdoChGwiTpLb0XhOpeC%2Fa1VGX9DpYXDFDKZ0kBGI86tOCjc60BDZBCnsxMwuF7OA4BOsn1RDi%2BGttXUg87iWZSzPu9K9zwmcE93bC5EHN5nyaFsZ3aDJok0Z2yWqynMXten0oQF2sovRY8Fy1l8f%2B8O6AJ0RoLtHg%3D%3D
[debug] [2024-05-07T19:47:33.966Z] >>> [apiv2][body] PUT https://storage.googleapis.com/uploads-785531581071.us-central1.cloudfunctions.appspot.com/75ea8689-bc76-4b50-83b7-e60bf39731a0.zip [stream]
[debug] [2024-05-07T19:47:34.631Z] <<< [apiv2][status] PUT https://storage.googleapis.com/uploads-785531581071.us-central1.cloudfunctions.appspot.com/75ea8689-bc76-4b50-83b7-e60bf39731a0.zip 200
[debug] [2024-05-07T19:47:34.631Z] <<< [apiv2][body] PUT https://storage.googleapis.com/uploads-785531581071.us-central1.cloudfunctions.appspot.com/75ea8689-bc76-4b50-83b7-e60bf39731a0.zip [omitted]
[info] ✔  functions: functions folder uploaded successfully 
[info] i  functions: creating Node.js 18 (1st Gen) function createPaymentIntent(us-central1)... 
[debug] [2024-05-07T19:47:34.635Z] >>> [apiv2][query] POST https://cloudfunctions.googleapis.com/v1/projects/presence-9cced/locations/us-central1/functions [none]
[debug] [2024-05-07T19:47:34.635Z] >>> [apiv2][body] POST https://cloudfunctions.googleapis.com/v1/projects/presence-9cced/locations/us-central1/functions {"name":"projects/presence-9cced/locations/us-central1/functions/createPaymentIntent","sourceUploadUrl":"https://storage.googleapis.com/uploads-785531581071.us-central1.cloudfunctions.appspot.com/75ea8689-bc76-4b50-83b7-e60bf39731a0.zip?GoogleAccessId=service-1083294801819@gcf-admin-robot.iam.gserviceaccount.com&Expires=1715113053&Signature=VQxJCAGCMj8O%2BpLyJeU53KFctH9Ky2oUlrh2aWh5Y%2F%2BsDoIVe3%2Bhsio%2BcM%2FInDQAf7%2FnYHoxFG3GwMexwl1%2FKtAOu22gmQr9GSXeYG2ZOTA9me2znSYfEV0ey693GlsHFDrqxG7vwQ6jYKNpxt4uN3YsQk%2BDrUYNV9QD%2BlJ3%2FtPQG%2B0mYmYXqRdoChGwiTpLb0XhOpeC%2Fa1VGX9DpYXDFDKZ0kBGI86tOCjc60BDZBCnsxMwuF7OA4BOsn1RDi%2BGttXUg87iWZSzPu9K9zwmcE93bC5EHN5nyaFsZ3aDJok0Z2yWqynMXten0oQF2sovRY8Fy1l8f%2B8O6AJ0RoLtHg%3D%3D","entryPoint":"createPaymentIntent","runtime":"nodejs18","dockerRegistry":"ARTIFACT_REGISTRY","labels":{"deployment-tool":"cli-firebase","firebase-functions-hash":"348520185ce8bba118f66cac93d92e866f5ab272"},"httpsTrigger":{"securityLevel":"SECURE_ALWAYS"},"minInstances":null,"maxInstances":null,"ingressSettings":null,"environmentVariables":{"FIREBASE_CONFIG":"{\"projectId\":\"presence-9cced\",\"storageBucket\":\"presence-9cced.appspot.com\",\"locationId\":\"us-central\"}","GCLOUD_PROJECT":"presence-9cced","EVENTARC_CLOUD_EVENT_SOURCE":"projects/presence-9cced/locations/us-central1/functions/createPaymentIntent"},"serviceAccountEmail":null,"availableMemoryMb":null,"timeout":null,"vpcConnector":null,"vpcConnectorEgressSettings":null,"buildEnvironmentVariables":{"GOOGLE_NODE_RUN_SCRIPTS":""}}
[debug] [2024-05-07T19:47:35.456Z] <<< [apiv2][status] POST https://cloudfunctions.googleapis.com/v1/projects/presence-9cced/locations/us-central1/functions 200
[debug] [2024-05-07T19:47:35.456Z] <<< [apiv2][body] POST https://cloudfunctions.googleapis.com/v1/projects/presence-9cced/locations/us-central1/functions {"name":"operations/cHJlc2VuY2UtOWNjZWQvdXMtY2VudHJhbDEvY3JlYXRlUGF5bWVudEludGVudC93NmhaUWpLcWNvVQ","metadata":{"@type":"type.googleapis.com/google.cloud.functions.v1.OperationMetadataV1","target":"projects/presence-9cced/locations/us-central1/functions/createPaymentIntent","type":"CREATE_FUNCTION","request":{"@type":"type.googleapis.com/google.cloud.functions.v1.CloudFunction","name":"projects/presence-9cced/locations/us-central1/functions/createPaymentIntent","httpsTrigger":{"securityLevel":"SECURE_ALWAYS"},"entryPoint":"createPaymentIntent","labels":{"deployment-tool":"cli-firebase","firebase-functions-hash":"348520185ce8bba118f66cac93d92e866f5ab272"},"sourceUploadUrl":"https://storage.googleapis.com/uploads-785531581071.us-central1.cloudfunctions.appspot.com/75ea8689-bc76-4b50-83b7-e60bf39731a0.zip?GoogleAccessId=service-1083294801819@gcf-admin-robot.iam.gserviceaccount.com&Expires=1715113053&Signature=VQxJCAGCMj8O%2BpLyJeU53KFctH9Ky2oUlrh2aWh5Y%2F%2BsDoIVe3%2Bhsio%2BcM%2FInDQAf7%2FnYHoxFG3GwMexwl1%2FKtAOu22gmQr9GSXeYG2ZOTA9me2znSYfEV0ey693GlsHFDrqxG7vwQ6jYKNpxt4uN3YsQk%2BDrUYNV9QD%2BlJ3%2FtPQG%2B0mYmYXqRdoChGwiTpLb0XhOpeC%2Fa1VGX9DpYXDFDKZ0kBGI86tOCjc60BDZBCnsxMwuF7OA4BOsn1RDi%2BGttXUg87iWZSzPu9K9zwmcE93bC5EHN5nyaFsZ3aDJok0Z2yWqynMXten0oQF2sovRY8Fy1l8f%2B8O6AJ0RoLtHg%3D%3D","environmentVariables":{"FIREBASE_CONFIG":"{\"projectId\":\"presence-9cced\",\"storageBucket\":\"presence-9cced.appspot.com\",\"locationId\":\"us-central\"}","GCLOUD_PROJECT":"presence-9cced","EVENTARC_CLOUD_EVENT_SOURCE":"projects/presence-9cced/locations/us-central1/functions/createPaymentIntent"},"runtime":"nodejs18","buildEnvironmentVariables":{"GOOGLE_NODE_RUN_SCRIPTS":""},"dockerRegistry":"ARTIFACT_REGISTRY"},"versionId":"1","updateTime":"2024-05-07T19:47:35Z"}}
[debug] [2024-05-07T19:47:35.457Z] >>> [apiv2][query] GET https://cloudfunctions.googleapis.com/v1/operations/cHJlc2VuY2UtOWNjZWQvdXMtY2VudHJhbDEvY3JlYXRlUGF5bWVudEludGVudC93NmhaUWpLcWNvVQ [none]
[debug] [2024-05-07T19:47:35.596Z] <<< [apiv2][status] GET https://cloudfunctions.googleapis.com/v1/operations/cHJlc2VuY2UtOWNjZWQvdXMtY2VudHJhbDEvY3JlYXRlUGF5bWVudEludGVudC93NmhaUWpLcWNvVQ 200
[debug] [2024-05-07T19:47:35.596Z] <<< [apiv2][body] GET https://cloudfunctions.googleapis.com/v1/operations/cHJlc2VuY2UtOWNjZWQvdXMtY2VudHJhbDEvY3JlYXRlUGF5bWVudEludGVudC93NmhaUWpLcWNvVQ {"name":"operations/cHJlc2VuY2UtOWNjZWQvdXMtY2VudHJhbDEvY3JlYXRlUGF5bWVudEludGVudC93NmhaUWpLcWNvVQ","metadata":{"@type":"type.googleapis.com/google.cloud.functions.v1.OperationMetadataV1","target":"projects/presence-9cced/locations/us-central1/functions/createPaymentIntent","type":"CREATE_FUNCTION","request":{"@type":"type.googleapis.com/google.cloud.functions.v1.CloudFunction","name":"projects/presence-9cced/locations/us-central1/functions/createPaymentIntent","httpsTrigger":{"securityLevel":"SECURE_ALWAYS"},"entryPoint":"createPaymentIntent","labels":{"deployment-tool":"cli-firebase","firebase-functions-hash":"348520185ce8bba118f66cac93d92e866f5ab272"},"sourceUploadUrl":"https://storage.googleapis.com/uploads-785531581071.us-central1.cloudfunctions.appspot.com/75ea8689-bc76-4b50-83b7-e60bf39731a0.zip?GoogleAccessId=service-1083294801819@gcf-admin-robot.iam.gserviceaccount.com&Expires=1715113053&Signature=VQxJCAGCMj8O%2BpLyJeU53KFctH9Ky2oUlrh2aWh5Y%2F%2BsDoIVe3%2Bhsio%2BcM%2FInDQAf7%2FnYHoxFG3GwMexwl1%2FKtAOu22gmQr9GSXeYG2ZOTA9me2znSYfEV0ey693GlsHFDrqxG7vwQ6jYKNpxt4uN3YsQk%2BDrUYNV9QD%2BlJ3%2FtPQG%2B0mYmYXqRdoChGwiTpLb0XhOpeC%2Fa1VGX9DpYXDFDKZ0kBGI86tOCjc60BDZBCnsxMwuF7OA4BOsn1RDi%2BGttXUg87iWZSzPu9K9zwmcE93bC5EHN5nyaFsZ3aDJok0Z2yWqynMXten0oQF2sovRY8Fy1l8f%2B8O6AJ0RoLtHg%3D%3D","environmentVariables":{"FIREBASE_CONFIG":"{\"projectId\":\"presence-9cced\",\"storageBucket\":\"presence-9cced.appspot.com\",\"locationId\":\"us-central\"}","GCLOUD_PROJECT":"presence-9cced","EVENTARC_CLOUD_EVENT_SOURCE":"projects/presence-9cced/locations/us-central1/functions/createPaymentIntent"},"runtime":"nodejs18","buildEnvironmentVariables":{"GOOGLE_NODE_RUN_SCRIPTS":""},"dockerRegistry":"ARTIFACT_REGISTRY"},"versionId":"1","updateTime":"2024-05-07T19:47:35Z"}}
[debug] [2024-05-07T19:47:36.098Z] [create-default-us-central1-createPaymentIntent] Retrying task index 0
[debug] [2024-05-07T19:47:36.098Z] >>> [apiv2][query] GET https://cloudfunctions.googleapis.com/v1/operations/cHJlc2VuY2UtOWNjZWQvdXMtY2VudHJhbDEvY3JlYXRlUGF5bWVudEludGVudC93NmhaUWpLcWNvVQ [none]
[debug] [2024-05-07T19:47:36.260Z] <<< [apiv2][status] GET https://cloudfunctions.googleapis.com/v1/operations/cHJlc2VuY2UtOWNjZWQvdXMtY2VudHJhbDEvY3JlYXRlUGF5bWVudEludGVudC93NmhaUWpLcWNvVQ 200
[debug] [2024-05-07T19:47:36.261Z] <<< [apiv2][body] GET https://cloudfunctions.googleapis.com/v1/operations/cHJlc2VuY2UtOWNjZWQvdXMtY2VudHJhbDEvY3JlYXRlUGF5bWVudEludGVudC93NmhaUWpLcWNvVQ {"name":"operations/cHJlc2VuY2UtOWNjZWQvdXMtY2VudHJhbDEvY3JlYXRlUGF5bWVudEludGVudC93NmhaUWpLcWNvVQ","metadata":{"@type":"type.googleapis.com/google.cloud.functions.v1.OperationMetadataV1","target":"projects/presence-9cced/locations/us-central1/functions/createPaymentIntent","type":"CREATE_FUNCTION","request":{"@type":"type.googleapis.com/google.cloud.functions.v1.CloudFunction","name":"projects/presence-9cced/locations/us-central1/functions/createPaymentIntent","httpsTrigger":{"securityLevel":"SECURE_ALWAYS"},"entryPoint":"createPaymentIntent","labels":{"deployment-tool":"cli-firebase","firebase-functions-hash":"348520185ce8bba118f66cac93d92e866f5ab272"},"sourceUploadUrl":"https://storage.googleapis.com/uploads-785531581071.us-central1.cloudfunctions.appspot.com/75ea8689-bc76-4b50-83b7-e60bf39731a0.zip?GoogleAccessId=service-1083294801819@gcf-admin-robot.iam.gserviceaccount.com&Expires=1715113053&Signature=VQxJCAGCMj8O%2BpLyJeU53KFctH9Ky2oUlrh2aWh5Y%2F%2BsDoIVe3%2Bhsio%2BcM%2FInDQAf7%2FnYHoxFG3GwMexwl1%2FKtAOu22gmQr9GSXeYG2ZOTA9me2znSYfEV0ey693GlsHFDrqxG7vwQ6jYKNpxt4uN3YsQk%2BDrUYNV9QD%2BlJ3%2FtPQG%2B0mYmYXqRdoChGwiTpLb0XhOpeC%2Fa1VGX9DpYXDFDKZ0kBGI86tOCjc60BDZBCnsxMwuF7OA4BOsn1RDi%2BGttXUg87iWZSzPu9K9zwmcE93bC5EHN5nyaFsZ3aDJok0Z2yWqynMXten0oQF2sovRY8Fy1l8f%2B8O6AJ0RoLtHg%3D%3D","environmentVariables":{"FIREBASE_CONFIG":"{\"projectId\":\"presence-9cced\",\"storageBucket\":\"presence-9cced.appspot.com\",\"locationId\":\"us-central\"}","GCLOUD_PROJECT":"presence-9cced","EVENTARC_CLOUD_EVENT_SOURCE":"projects/presence-9cced/locations/us-central1/functions/createPaymentIntent"},"runtime":"nodejs18","buildEnvironmentVariables":{"GOOGLE_NODE_RUN_SCRIPTS":""},"dockerRegistry":"ARTIFACT_REGISTRY"},"versionId":"1","updateTime":"2024-05-07T19:47:35Z"}}
[debug] [2024-05-07T19:47:37.262Z] [create-default-us-central1-createPaymentIntent] Retrying task index 0
[debug] [2024-05-07T19:47:37.262Z] >>> [apiv2][query] GET https://cloudfunctions.googleapis.com/v1/operations/cHJlc2VuY2UtOWNjZWQvdXMtY2VudHJhbDEvY3JlYXRlUGF5bWVudEludGVudC93NmhaUWpLcWNvVQ [none]
[debug] [2024-05-07T19:47:37.397Z] <<< [apiv2][status] GET https://cloudfunctions.googleapis.com/v1/operations/cHJlc2VuY2UtOWNjZWQvdXMtY2VudHJhbDEvY3JlYXRlUGF5bWVudEludGVudC93NmhaUWpLcWNvVQ 200
[debug] [2024-05-07T19:47:37.398Z] <<< [apiv2][body] GET https://cloudfunctions.googleapis.com/v1/operations/cHJlc2VuY2UtOWNjZWQvdXMtY2VudHJhbDEvY3JlYXRlUGF5bWVudEludGVudC93NmhaUWpLcWNvVQ {"name":"operations/cHJlc2VuY2UtOWNjZWQvdXMtY2VudHJhbDEvY3JlYXRlUGF5bWVudEludGVudC93NmhaUWpLcWNvVQ","metadata":{"@type":"type.googleapis.com/google.cloud.functions.v1.OperationMetadataV1","target":"projects/presence-9cced/locations/us-central1/functions/createPaymentIntent","type":"CREATE_FUNCTION","request":{"@type":"type.googleapis.com/google.cloud.functions.v1.CloudFunction","name":"projects/presence-9cced/locations/us-central1/functions/createPaymentIntent","httpsTrigger":{"securityLevel":"SECURE_ALWAYS"},"entryPoint":"createPaymentIntent","labels":{"deployment-tool":"cli-firebase","firebase-functions-hash":"348520185ce8bba118f66cac93d92e866f5ab272"},"sourceUploadUrl":"https://storage.googleapis.com/uploads-785531581071.us-central1.cloudfunctions.appspot.com/75ea8689-bc76-4b50-83b7-e60bf39731a0.zip?GoogleAccessId=service-1083294801819@gcf-admin-robot.iam.gserviceaccount.com&Expires=1715113053&Signature=VQxJCAGCMj8O%2BpLyJeU53KFctH9Ky2oUlrh2aWh5Y%2F%2BsDoIVe3%2Bhsio%2BcM%2FInDQAf7%2FnYHoxFG3GwMexwl1%2FKtAOu22gmQr9GSXeYG2ZOTA9me2znSYfEV0ey693GlsHFDrqxG7vwQ6jYKNpxt4uN3YsQk%2BDrUYNV9QD%2BlJ3%2FtPQG%2B0mYmYXqRdoChGwiTpLb0XhOpeC%2Fa1VGX9DpYXDFDKZ0kBGI86tOCjc60BDZBCnsxMwuF7OA4BOsn1RDi%2BGttXUg87iWZSzPu9K9zwmcE93bC5EHN5nyaFsZ3aDJok0Z2yWqynMXten0oQF2sovRY8Fy1l8f%2B8O6AJ0RoLtHg%3D%3D","environmentVariables":{"FIREBASE_CONFIG":"{\"projectId\":\"presence-9cced\",\"storageBucket\":\"presence-9cced.appspot.com\",\"locationId\":\"us-central\"}","GCLOUD_PROJECT":"presence-9cced","EVENTARC_CLOUD_EVENT_SOURCE":"projects/presence-9cced/locations/us-central1/functions/createPaymentIntent"},"runtime":"nodejs18","buildEnvironmentVariables":{"GOOGLE_NODE_RUN_SCRIPTS":""},"dockerRegistry":"ARTIFACT_REGISTRY"},"versionId":"1","updateTime":"2024-05-07T19:47:35Z"}}
[debug] [2024-05-07T19:47:39.399Z] [create-default-us-central1-createPaymentIntent] Retrying task index 0
[debug] [2024-05-07T19:47:39.399Z] >>> [apiv2][query] GET https://cloudfunctions.googleapis.com/v1/operations/cHJlc2VuY2UtOWNjZWQvdXMtY2VudHJhbDEvY3JlYXRlUGF5bWVudEludGVudC93NmhaUWpLcWNvVQ [none]
[debug] [2024-05-07T19:47:39.588Z] <<< [apiv2][status] GET https://cloudfunctions.googleapis.com/v1/operations/cHJlc2VuY2UtOWNjZWQvdXMtY2VudHJhbDEvY3JlYXRlUGF5bWVudEludGVudC93NmhaUWpLcWNvVQ 200
[debug] [2024-05-07T19:47:39.588Z] <<< [apiv2][body] GET https://cloudfunctions.googleapis.com/v1/operations/cHJlc2VuY2UtOWNjZWQvdXMtY2VudHJhbDEvY3JlYXRlUGF5bWVudEludGVudC93NmhaUWpLcWNvVQ {"name":"operations/cHJlc2VuY2UtOWNjZWQvdXMtY2VudHJhbDEvY3JlYXRlUGF5bWVudEludGVudC93NmhaUWpLcWNvVQ","metadata":{"@type":"type.googleapis.com/google.cloud.functions.v1.OperationMetadataV1","target":"projects/presence-9cced/locations/us-central1/functions/createPaymentIntent","type":"CREATE_FUNCTION","request":{"@type":"type.googleapis.com/google.cloud.functions.v1.CloudFunction","name":"projects/presence-9cced/locations/us-central1/functions/createPaymentIntent","httpsTrigger":{"securityLevel":"SECURE_ALWAYS"},"entryPoint":"createPaymentIntent","labels":{"deployment-tool":"cli-firebase","firebase-functions-hash":"348520185ce8bba118f66cac93d92e866f5ab272"},"sourceUploadUrl":"https://storage.googleapis.com/uploads-785531581071.us-central1.cloudfunctions.appspot.com/75ea8689-bc76-4b50-83b7-e60bf39731a0.zip?GoogleAccessId=service-1083294801819@gcf-admin-robot.iam.gserviceaccount.com&Expires=1715113053&Signature=VQxJCAGCMj8O%2BpLyJeU53KFctH9Ky2oUlrh2aWh5Y%2F%2BsDoIVe3%2Bhsio%2BcM%2FInDQAf7%2FnYHoxFG3GwMexwl1%2FKtAOu22gmQr9GSXeYG2ZOTA9me2znSYfEV0ey693GlsHFDrqxG7vwQ6jYKNpxt4uN3YsQk%2BDrUYNV9QD%2BlJ3%2FtPQG%2B0mYmYXqRdoChGwiTpLb0XhOpeC%2Fa1VGX9DpYXDFDKZ0kBGI86tOCjc60BDZBCnsxMwuF7OA4BOsn1RDi%2BGttXUg87iWZSzPu9K9zwmcE93bC5EHN5nyaFsZ3aDJok0Z2yWqynMXten0oQF2sovRY8Fy1l8f%2B8O6AJ0RoLtHg%3D%3D","environmentVariables":{"FIREBASE_CONFIG":"{\"projectId\":\"presence-9cced\",\"storageBucket\":\"presence-9cced.appspot.com\",\"locationId\":\"us-central\"}","GCLOUD_PROJECT":"presence-9cced","EVENTARC_CLOUD_EVENT_SOURCE":"projects/presence-9cced/locations/us-central1/functions/createPaymentIntent"},"runtime":"nodejs18","buildEnvironmentVariables":{"GOOGLE_NODE_RUN_SCRIPTS":""},"dockerRegistry":"ARTIFACT_REGISTRY"},"versionId":"1","updateTime":"2024-05-07T19:47:35Z"}}
[debug] [2024-05-07T19:47:43.590Z] [create-default-us-central1-createPaymentIntent] Retrying task index 0
[debug] [2024-05-07T19:47:43.590Z] >>> [apiv2][query] GET https://cloudfunctions.googleapis.com/v1/operations/cHJlc2VuY2UtOWNjZWQvdXMtY2VudHJhbDEvY3JlYXRlUGF5bWVudEludGVudC93NmhaUWpLcWNvVQ [none]
[debug] [2024-05-07T19:47:43.721Z] <<< [apiv2][status] GET https://cloudfunctions.googleapis.com/v1/operations/cHJlc2VuY2UtOWNjZWQvdXMtY2VudHJhbDEvY3JlYXRlUGF5bWVudEludGVudC93NmhaUWpLcWNvVQ 200
[debug] [2024-05-07T19:47:43.721Z] <<< [apiv2][body] GET https://cloudfunctions.googleapis.com/v1/operations/cHJlc2VuY2UtOWNjZWQvdXMtY2VudHJhbDEvY3JlYXRlUGF5bWVudEludGVudC93NmhaUWpLcWNvVQ {"name":"operations/cHJlc2VuY2UtOWNjZWQvdXMtY2VudHJhbDEvY3JlYXRlUGF5bWVudEludGVudC93NmhaUWpLcWNvVQ","metadata":{"@type":"type.googleapis.com/google.cloud.functions.v1.OperationMetadataV1","target":"projects/presence-9cced/locations/us-central1/functions/createPaymentIntent","type":"CREATE_FUNCTION","request":{"@type":"type.googleapis.com/google.cloud.functions.v1.CloudFunction","name":"projects/presence-9cced/locations/us-central1/functions/createPaymentIntent","httpsTrigger":{"securityLevel":"SECURE_ALWAYS"},"entryPoint":"createPaymentIntent","labels":{"deployment-tool":"cli-firebase","firebase-functions-hash":"348520185ce8bba118f66cac93d92e866f5ab272"},"sourceUploadUrl":"https://storage.googleapis.com/uploads-785531581071.us-central1.cloudfunctions.appspot.com/75ea8689-bc76-4b50-83b7-e60bf39731a0.zip?GoogleAccessId=service-1083294801819@gcf-admin-robot.iam.gserviceaccount.com&Expires=1715113053&Signature=VQxJCAGCMj8O%2BpLyJeU53KFctH9Ky2oUlrh2aWh5Y%2F%2BsDoIVe3%2Bhsio%2BcM%2FInDQAf7%2FnYHoxFG3GwMexwl1%2FKtAOu22gmQr9GSXeYG2ZOTA9me2znSYfEV0ey693GlsHFDrqxG7vwQ6jYKNpxt4uN3YsQk%2BDrUYNV9QD%2BlJ3%2FtPQG%2B0mYmYXqRdoChGwiTpLb0XhOpeC%2Fa1VGX9DpYXDFDKZ0kBGI86tOCjc60BDZBCnsxMwuF7OA4BOsn1RDi%2BGttXUg87iWZSzPu9K9zwmcE93bC5EHN5nyaFsZ3aDJok0Z2yWqynMXten0oQF2sovRY8Fy1l8f%2B8O6AJ0RoLtHg%3D%3D","environmentVariables":{"FIREBASE_CONFIG":"{\"projectId\":\"presence-9cced\",\"storageBucket\":\"presence-9cced.appspot.com\",\"locationId\":\"us-central\"}","GCLOUD_PROJECT":"presence-9cced","EVENTARC_CLOUD_EVENT_SOURCE":"projects/presence-9cced/locations/us-central1/functions/createPaymentIntent"},"runtime":"nodejs18","buildEnvironmentVariables":{"GOOGLE_NODE_RUN_SCRIPTS":""},"dockerRegistry":"ARTIFACT_REGISTRY"},"versionId":"1","updateTime":"2024-05-07T19:47:35Z"}}
[debug] [2024-05-07T19:47:51.722Z] [create-default-us-central1-createPaymentIntent] Retrying task index 0
[debug] [2024-05-07T19:47:51.723Z] >>> [apiv2][query] GET https://cloudfunctions.googleapis.com/v1/operations/cHJlc2VuY2UtOWNjZWQvdXMtY2VudHJhbDEvY3JlYXRlUGF5bWVudEludGVudC93NmhaUWpLcWNvVQ [none]
[debug] [2024-05-07T19:47:51.931Z] <<< [apiv2][status] GET https://cloudfunctions.googleapis.com/v1/operations/cHJlc2VuY2UtOWNjZWQvdXMtY2VudHJhbDEvY3JlYXRlUGF5bWVudEludGVudC93NmhaUWpLcWNvVQ 200
[debug] [2024-05-07T19:47:51.931Z] <<< [apiv2][body] GET https://cloudfunctions.googleapis.com/v1/operations/cHJlc2VuY2UtOWNjZWQvdXMtY2VudHJhbDEvY3JlYXRlUGF5bWVudEludGVudC93NmhaUWpLcWNvVQ {"name":"operations/cHJlc2VuY2UtOWNjZWQvdXMtY2VudHJhbDEvY3JlYXRlUGF5bWVudEludGVudC93NmhaUWpLcWNvVQ","metadata":{"@type":"type.googleapis.com/google.cloud.functions.v1.OperationMetadataV1","target":"projects/presence-9cced/locations/us-central1/functions/createPaymentIntent","type":"CREATE_FUNCTION","request":{"@type":"type.googleapis.com/google.cloud.functions.v1.CloudFunction","name":"projects/presence-9cced/locations/us-central1/functions/createPaymentIntent","httpsTrigger":{"securityLevel":"SECURE_ALWAYS"},"entryPoint":"createPaymentIntent","labels":{"deployment-tool":"cli-firebase","firebase-functions-hash":"348520185ce8bba118f66cac93d92e866f5ab272"},"sourceUploadUrl":"https://storage.googleapis.com/uploads-785531581071.us-central1.cloudfunctions.appspot.com/75ea8689-bc76-4b50-83b7-e60bf39731a0.zip?GoogleAccessId=service-1083294801819@gcf-admin-robot.iam.gserviceaccount.com&Expires=1715113053&Signature=VQxJCAGCMj8O%2BpLyJeU53KFctH9Ky2oUlrh2aWh5Y%2F%2BsDoIVe3%2Bhsio%2BcM%2FInDQAf7%2FnYHoxFG3GwMexwl1%2FKtAOu22gmQr9GSXeYG2ZOTA9me2znSYfEV0ey693GlsHFDrqxG7vwQ6jYKNpxt4uN3YsQk%2BDrUYNV9QD%2BlJ3%2FtPQG%2B0mYmYXqRdoChGwiTpLb0XhOpeC%2Fa1VGX9DpYXDFDKZ0kBGI86tOCjc60BDZBCnsxMwuF7OA4BOsn1RDi%2BGttXUg87iWZSzPu9K9zwmcE93bC5EHN5nyaFsZ3aDJok0Z2yWqynMXten0oQF2sovRY8Fy1l8f%2B8O6AJ0RoLtHg%3D%3D","environmentVariables":{"FIREBASE_CONFIG":"{\"projectId\":\"presence-9cced\",\"storageBucket\":\"presence-9cced.appspot.com\",\"locationId\":\"us-central\"}","GCLOUD_PROJECT":"presence-9cced","EVENTARC_CLOUD_EVENT_SOURCE":"projects/presence-9cced/locations/us-central1/functions/createPaymentIntent"},"runtime":"nodejs18","buildEnvironmentVariables":{"GOOGLE_NODE_RUN_SCRIPTS":""},"dockerRegistry":"ARTIFACT_REGISTRY"},"versionId":"1","updateTime":"2024-05-07T19:47:35Z","buildId":"35ee4523-8146-409a-bccd-7c7566431e09","buildName":"projects/1083294801819/locations/us-central1/builds/35ee4523-8146-409a-bccd-7c7566431e09"}}
[debug] [2024-05-07T19:48:01.932Z] [create-default-us-central1-createPaymentIntent] Retrying task index 0
[debug] [2024-05-07T19:48:01.932Z] >>> [apiv2][query] GET https://cloudfunctions.googleapis.com/v1/operations/cHJlc2VuY2UtOWNjZWQvdXMtY2VudHJhbDEvY3JlYXRlUGF5bWVudEludGVudC93NmhaUWpLcWNvVQ [none]
[debug] [2024-05-07T19:48:02.087Z] <<< [apiv2][status] GET https://cloudfunctions.googleapis.com/v1/operations/cHJlc2VuY2UtOWNjZWQvdXMtY2VudHJhbDEvY3JlYXRlUGF5bWVudEludGVudC93NmhaUWpLcWNvVQ 200
[debug] [2024-05-07T19:48:02.087Z] <<< [apiv2][body] GET https://cloudfunctions.googleapis.com/v1/operations/cHJlc2VuY2UtOWNjZWQvdXMtY2VudHJhbDEvY3JlYXRlUGF5bWVudEludGVudC93NmhaUWpLcWNvVQ {"name":"operations/cHJlc2VuY2UtOWNjZWQvdXMtY2VudHJhbDEvY3JlYXRlUGF5bWVudEludGVudC93NmhaUWpLcWNvVQ","metadata":{"@type":"type.googleapis.com/google.cloud.functions.v1.OperationMetadataV1","target":"projects/presence-9cced/locations/us-central1/functions/createPaymentIntent","type":"CREATE_FUNCTION","request":{"@type":"type.googleapis.com/google.cloud.functions.v1.CloudFunction","name":"projects/presence-9cced/locations/us-central1/functions/createPaymentIntent","httpsTrigger":{"securityLevel":"SECURE_ALWAYS"},"entryPoint":"createPaymentIntent","labels":{"deployment-tool":"cli-firebase","firebase-functions-hash":"348520185ce8bba118f66cac93d92e866f5ab272"},"sourceUploadUrl":"https://storage.googleapis.com/uploads-785531581071.us-central1.cloudfunctions.appspot.com/75ea8689-bc76-4b50-83b7-e60bf39731a0.zip?GoogleAccessId=service-1083294801819@gcf-admin-robot.iam.gserviceaccount.com&Expires=1715113053&Signature=VQxJCAGCMj8O%2BpLyJeU53KFctH9Ky2oUlrh2aWh5Y%2F%2BsDoIVe3%2Bhsio%2BcM%2FInDQAf7%2FnYHoxFG3GwMexwl1%2FKtAOu22gmQr9GSXeYG2ZOTA9me2znSYfEV0ey693GlsHFDrqxG7vwQ6jYKNpxt4uN3YsQk%2BDrUYNV9QD%2BlJ3%2FtPQG%2B0mYmYXqRdoChGwiTpLb0XhOpeC%2Fa1VGX9DpYXDFDKZ0kBGI86tOCjc60BDZBCnsxMwuF7OA4BOsn1RDi%2BGttXUg87iWZSzPu9K9zwmcE93bC5EHN5nyaFsZ3aDJok0Z2yWqynMXten0oQF2sovRY8Fy1l8f%2B8O6AJ0RoLtHg%3D%3D","environmentVariables":{"FIREBASE_CONFIG":"{\"projectId\":\"presence-9cced\",\"storageBucket\":\"presence-9cced.appspot.com\",\"locationId\":\"us-central\"}","GCLOUD_PROJECT":"presence-9cced","EVENTARC_CLOUD_EVENT_SOURCE":"projects/presence-9cced/locations/us-central1/functions/createPaymentIntent"},"runtime":"nodejs18","buildEnvironmentVariables":{"GOOGLE_NODE_RUN_SCRIPTS":""},"dockerRegistry":"ARTIFACT_REGISTRY"},"versionId":"1","updateTime":"2024-05-07T19:47:35Z","buildId":"35ee4523-8146-409a-bccd-7c7566431e09","buildName":"projects/1083294801819/locations/us-central1/builds/35ee4523-8146-409a-bccd-7c7566431e09"}}
[debug] [2024-05-07T19:48:12.088Z] [create-default-us-central1-createPaymentIntent] Retrying task index 0
[debug] [2024-05-07T19:48:12.089Z] >>> [apiv2][query] GET https://cloudfunctions.googleapis.com/v1/operations/cHJlc2VuY2UtOWNjZWQvdXMtY2VudHJhbDEvY3JlYXRlUGF5bWVudEludGVudC93NmhaUWpLcWNvVQ [none]
[debug] [2024-05-07T19:48:12.248Z] <<< [apiv2][status] GET https://cloudfunctions.googleapis.com/v1/operations/cHJlc2VuY2UtOWNjZWQvdXMtY2VudHJhbDEvY3JlYXRlUGF5bWVudEludGVudC93NmhaUWpLcWNvVQ 200
[debug] [2024-05-07T19:48:12.248Z] <<< [apiv2][body] GET https://cloudfunctions.googleapis.com/v1/operations/cHJlc2VuY2UtOWNjZWQvdXMtY2VudHJhbDEvY3JlYXRlUGF5bWVudEludGVudC93NmhaUWpLcWNvVQ {"name":"operations/cHJlc2VuY2UtOWNjZWQvdXMtY2VudHJhbDEvY3JlYXRlUGF5bWVudEludGVudC93NmhaUWpLcWNvVQ","metadata":{"@type":"type.googleapis.com/google.cloud.functions.v1.OperationMetadataV1","target":"projects/presence-9cced/locations/us-central1/functions/createPaymentIntent","type":"CREATE_FUNCTION","request":{"@type":"type.googleapis.com/google.cloud.functions.v1.CloudFunction","name":"projects/presence-9cced/locations/us-central1/functions/createPaymentIntent","httpsTrigger":{"securityLevel":"SECURE_ALWAYS"},"entryPoint":"createPaymentIntent","labels":{"deployment-tool":"cli-firebase","firebase-functions-hash":"348520185ce8bba118f66cac93d92e866f5ab272"},"sourceUploadUrl":"https://storage.googleapis.com/uploads-785531581071.us-central1.cloudfunctions.appspot.com/75ea8689-bc76-4b50-83b7-e60bf39731a0.zip?GoogleAccessId=service-1083294801819@gcf-admin-robot.iam.gserviceaccount.com&Expires=1715113053&Signature=VQxJCAGCMj8O%2BpLyJeU53KFctH9Ky2oUlrh2aWh5Y%2F%2BsDoIVe3%2Bhsio%2BcM%2FInDQAf7%2FnYHoxFG3GwMexwl1%2FKtAOu22gmQr9GSXeYG2ZOTA9me2znSYfEV0ey693GlsHFDrqxG7vwQ6jYKNpxt4uN3YsQk%2BDrUYNV9QD%2BlJ3%2FtPQG%2B0mYmYXqRdoChGwiTpLb0XhOpeC%2Fa1VGX9DpYXDFDKZ0kBGI86tOCjc60BDZBCnsxMwuF7OA4BOsn1RDi%2BGttXUg87iWZSzPu9K9zwmcE93bC5EHN5nyaFsZ3aDJok0Z2yWqynMXten0oQF2sovRY8Fy1l8f%2B8O6AJ0RoLtHg%3D%3D","environmentVariables":{"FIREBASE_CONFIG":"{\"projectId\":\"presence-9cced\",\"storageBucket\":\"presence-9cced.appspot.com\",\"locationId\":\"us-central\"}","GCLOUD_PROJECT":"presence-9cced","EVENTARC_CLOUD_EVENT_SOURCE":"projects/presence-9cced/locations/us-central1/functions/createPaymentIntent"},"runtime":"nodejs18","buildEnvironmentVariables":{"GOOGLE_NODE_RUN_SCRIPTS":""},"dockerRegistry":"ARTIFACT_REGISTRY"},"versionId":"1","updateTime":"2024-05-07T19:47:35Z","buildId":"35ee4523-8146-409a-bccd-7c7566431e09","buildName":"projects/1083294801819/locations/us-central1/builds/35ee4523-8146-409a-bccd-7c7566431e09"}}
[debug] [2024-05-07T19:48:22.249Z] [create-default-us-central1-createPaymentIntent] Retrying task index 0
[debug] [2024-05-07T19:48:22.250Z] >>> [apiv2][query] GET https://cloudfunctions.googleapis.com/v1/operations/cHJlc2VuY2UtOWNjZWQvdXMtY2VudHJhbDEvY3JlYXRlUGF5bWVudEludGVudC93NmhaUWpLcWNvVQ [none]
[debug] [2024-05-07T19:48:22.500Z] <<< [apiv2][status] GET https://cloudfunctions.googleapis.com/v1/operations/cHJlc2VuY2UtOWNjZWQvdXMtY2VudHJhbDEvY3JlYXRlUGF5bWVudEludGVudC93NmhaUWpLcWNvVQ 200
[debug] [2024-05-07T19:48:22.500Z] <<< [apiv2][body] GET https://cloudfunctions.googleapis.com/v1/operations/cHJlc2VuY2UtOWNjZWQvdXMtY2VudHJhbDEvY3JlYXRlUGF5bWVudEludGVudC93NmhaUWpLcWNvVQ {"name":"operations/cHJlc2VuY2UtOWNjZWQvdXMtY2VudHJhbDEvY3JlYXRlUGF5bWVudEludGVudC93NmhaUWpLcWNvVQ","metadata":{"@type":"type.googleapis.com/google.cloud.functions.v1.OperationMetadataV1","target":"projects/presence-9cced/locations/us-central1/functions/createPaymentIntent","type":"CREATE_FUNCTION","request":{"@type":"type.googleapis.com/google.cloud.functions.v1.CloudFunction","name":"projects/presence-9cced/locations/us-central1/functions/createPaymentIntent","httpsTrigger":{"securityLevel":"SECURE_ALWAYS"},"entryPoint":"createPaymentIntent","labels":{"deployment-tool":"cli-firebase","firebase-functions-hash":"348520185ce8bba118f66cac93d92e866f5ab272"},"sourceUploadUrl":"https://storage.googleapis.com/uploads-785531581071.us-central1.cloudfunctions.appspot.com/75ea8689-bc76-4b50-83b7-e60bf39731a0.zip?GoogleAccessId=service-1083294801819@gcf-admin-robot.iam.gserviceaccount.com&Expires=1715113053&Signature=VQxJCAGCMj8O%2BpLyJeU53KFctH9Ky2oUlrh2aWh5Y%2F%2BsDoIVe3%2Bhsio%2BcM%2FInDQAf7%2FnYHoxFG3GwMexwl1%2FKtAOu22gmQr9GSXeYG2ZOTA9me2znSYfEV0ey693GlsHFDrqxG7vwQ6jYKNpxt4uN3YsQk%2BDrUYNV9QD%2BlJ3%2FtPQG%2B0mYmYXqRdoChGwiTpLb0XhOpeC%2Fa1VGX9DpYXDFDKZ0kBGI86tOCjc60BDZBCnsxMwuF7OA4BOsn1RDi%2BGttXUg87iWZSzPu9K9zwmcE93bC5EHN5nyaFsZ3aDJok0Z2yWqynMXten0oQF2sovRY8Fy1l8f%2B8O6AJ0RoLtHg%3D%3D","environmentVariables":{"FIREBASE_CONFIG":"{\"projectId\":\"presence-9cced\",\"storageBucket\":\"presence-9cced.appspot.com\",\"locationId\":\"us-central\"}","GCLOUD_PROJECT":"presence-9cced","EVENTARC_CLOUD_EVENT_SOURCE":"projects/presence-9cced/locations/us-central1/functions/createPaymentIntent"},"runtime":"nodejs18","buildEnvironmentVariables":{"GOOGLE_NODE_RUN_SCRIPTS":""},"dockerRegistry":"ARTIFACT_REGISTRY"},"versionId":"1","updateTime":"2024-05-07T19:47:35Z","buildId":"35ee4523-8146-409a-bccd-7c7566431e09","buildName":"projects/1083294801819/locations/us-central1/builds/35ee4523-8146-409a-bccd-7c7566431e09"}}
[debug] [2024-05-07T19:48:32.502Z] [create-default-us-central1-createPaymentIntent] Retrying task index 0
[debug] [2024-05-07T19:48:32.502Z] >>> [apiv2][query] GET https://cloudfunctions.googleapis.com/v1/operations/cHJlc2VuY2UtOWNjZWQvdXMtY2VudHJhbDEvY3JlYXRlUGF5bWVudEludGVudC93NmhaUWpLcWNvVQ [none]
[debug] [2024-05-07T19:48:32.662Z] <<< [apiv2][status] GET https://cloudfunctions.googleapis.com/v1/operations/cHJlc2VuY2UtOWNjZWQvdXMtY2VudHJhbDEvY3JlYXRlUGF5bWVudEludGVudC93NmhaUWpLcWNvVQ 200
[debug] [2024-05-07T19:48:32.662Z] <<< [apiv2][body] GET https://cloudfunctions.googleapis.com/v1/operations/cHJlc2VuY2UtOWNjZWQvdXMtY2VudHJhbDEvY3JlYXRlUGF5bWVudEludGVudC93NmhaUWpLcWNvVQ {"name":"operations/cHJlc2VuY2UtOWNjZWQvdXMtY2VudHJhbDEvY3JlYXRlUGF5bWVudEludGVudC93NmhaUWpLcWNvVQ","metadata":{"@type":"type.googleapis.com/google.cloud.functions.v1.OperationMetadataV1","target":"projects/presence-9cced/locations/us-central1/functions/createPaymentIntent","type":"CREATE_FUNCTION","request":{"@type":"type.googleapis.com/google.cloud.functions.v1.CloudFunction","name":"projects/presence-9cced/locations/us-central1/functions/createPaymentIntent","httpsTrigger":{"securityLevel":"SECURE_ALWAYS"},"entryPoint":"createPaymentIntent","labels":{"deployment-tool":"cli-firebase","firebase-functions-hash":"348520185ce8bba118f66cac93d92e866f5ab272"},"sourceUploadUrl":"https://storage.googleapis.com/uploads-785531581071.us-central1.cloudfunctions.appspot.com/75ea8689-bc76-4b50-83b7-e60bf39731a0.zip?GoogleAccessId=service-1083294801819@gcf-admin-robot.iam.gserviceaccount.com&Expires=1715113053&Signature=VQxJCAGCMj8O%2BpLyJeU53KFctH9Ky2oUlrh2aWh5Y%2F%2BsDoIVe3%2Bhsio%2BcM%2FInDQAf7%2FnYHoxFG3GwMexwl1%2FKtAOu22gmQr9GSXeYG2ZOTA9me2znSYfEV0ey693GlsHFDrqxG7vwQ6jYKNpxt4uN3YsQk%2BDrUYNV9QD%2BlJ3%2FtPQG%2B0mYmYXqRdoChGwiTpLb0XhOpeC%2Fa1VGX9DpYXDFDKZ0kBGI86tOCjc60BDZBCnsxMwuF7OA4BOsn1RDi%2BGttXUg87iWZSzPu9K9zwmcE93bC5EHN5nyaFsZ3aDJok0Z2yWqynMXten0oQF2sovRY8Fy1l8f%2B8O6AJ0RoLtHg%3D%3D","environmentVariables":{"FIREBASE_CONFIG":"{\"projectId\":\"presence-9cced\",\"storageBucket\":\"presence-9cced.appspot.com\",\"locationId\":\"us-central\"}","GCLOUD_PROJECT":"presence-9cced","EVENTARC_CLOUD_EVENT_SOURCE":"projects/presence-9cced/locations/us-central1/functions/createPaymentIntent"},"runtime":"nodejs18","buildEnvironmentVariables":{"GOOGLE_NODE_RUN_SCRIPTS":""},"dockerRegistry":"ARTIFACT_REGISTRY"},"versionId":"1","updateTime":"2024-05-07T19:47:35Z","buildId":"35ee4523-8146-409a-bccd-7c7566431e09","sourceToken":"b0042d03-775a-43e0-98e0-38d92f79bc6e","buildName":"projects/1083294801819/locations/us-central1/builds/35ee4523-8146-409a-bccd-7c7566431e09"}}
[debug] [2024-05-07T19:48:32.662Z] Got source token b0042d03-775a-43e0-98e0-38d92f79bc6e for region us-central1
[debug] [2024-05-07T19:48:42.663Z] [create-default-us-central1-createPaymentIntent] Retrying task index 0
[debug] [2024-05-07T19:48:42.664Z] >>> [apiv2][query] GET https://cloudfunctions.googleapis.com/v1/operations/cHJlc2VuY2UtOWNjZWQvdXMtY2VudHJhbDEvY3JlYXRlUGF5bWVudEludGVudC93NmhaUWpLcWNvVQ [none]
[debug] [2024-05-07T19:48:42.821Z] <<< [apiv2][status] GET https://cloudfunctions.googleapis.com/v1/operations/cHJlc2VuY2UtOWNjZWQvdXMtY2VudHJhbDEvY3JlYXRlUGF5bWVudEludGVudC93NmhaUWpLcWNvVQ 200
[debug] [2024-05-07T19:48:42.821Z] <<< [apiv2][body] GET https://cloudfunctions.googleapis.com/v1/operations/cHJlc2VuY2UtOWNjZWQvdXMtY2VudHJhbDEvY3JlYXRlUGF5bWVudEludGVudC93NmhaUWpLcWNvVQ {"name":"operations/cHJlc2VuY2UtOWNjZWQvdXMtY2VudHJhbDEvY3JlYXRlUGF5bWVudEludGVudC93NmhaUWpLcWNvVQ","metadata":{"@type":"type.googleapis.com/google.cloud.functions.v1.OperationMetadataV1","target":"projects/presence-9cced/locations/us-central1/functions/createPaymentIntent","type":"CREATE_FUNCTION","request":{"@type":"type.googleapis.com/google.cloud.functions.v1.CloudFunction","name":"projects/presence-9cced/locations/us-central1/functions/createPaymentIntent","httpsTrigger":{"securityLevel":"SECURE_ALWAYS"},"entryPoint":"createPaymentIntent","labels":{"deployment-tool":"cli-firebase","firebase-functions-hash":"348520185ce8bba118f66cac93d92e866f5ab272"},"sourceUploadUrl":"https://storage.googleapis.com/uploads-785531581071.us-central1.cloudfunctions.appspot.com/75ea8689-bc76-4b50-83b7-e60bf39731a0.zip?GoogleAccessId=service-1083294801819@gcf-admin-robot.iam.gserviceaccount.com&Expires=1715113053&Signature=VQxJCAGCMj8O%2BpLyJeU53KFctH9Ky2oUlrh2aWh5Y%2F%2BsDoIVe3%2Bhsio%2BcM%2FInDQAf7%2FnYHoxFG3GwMexwl1%2FKtAOu22gmQr9GSXeYG2ZOTA9me2znSYfEV0ey693GlsHFDrqxG7vwQ6jYKNpxt4uN3YsQk%2BDrUYNV9QD%2BlJ3%2FtPQG%2B0mYmYXqRdoChGwiTpLb0XhOpeC%2Fa1VGX9DpYXDFDKZ0kBGI86tOCjc60BDZBCnsxMwuF7OA4BOsn1RDi%2BGttXUg87iWZSzPu9K9zwmcE93bC5EHN5nyaFsZ3aDJok0Z2yWqynMXten0oQF2sovRY8Fy1l8f%2B8O6AJ0RoLtHg%3D%3D","environmentVariables":{"FIREBASE_CONFIG":"{\"projectId\":\"presence-9cced\",\"storageBucket\":\"presence-9cced.appspot.com\",\"locationId\":\"us-central\"}","GCLOUD_PROJECT":"presence-9cced","EVENTARC_CLOUD_EVENT_SOURCE":"projects/presence-9cced/locations/us-central1/functions/createPaymentIntent"},"runtime":"nodejs18","buildEnvironmentVariables":{"GOOGLE_NODE_RUN_SCRIPTS":""},"dockerRegistry":"ARTIFACT_REGISTRY"},"versionId":"1","updateTime":"2024-05-07T19:47:35Z","buildId":"35ee4523-8146-409a-bccd-7c7566431e09","sourceToken":"b0042d03-775a-43e0-98e0-38d92f79bc6e","buildName":"projects/1083294801819/locations/us-central1/builds/35ee4523-8146-409a-bccd-7c7566431e09"}}
[debug] [2024-05-07T19:48:42.821Z] Got source token b0042d03-775a-43e0-98e0-38d92f79bc6e for region us-central1
[debug] [2024-05-07T19:48:52.822Z] [create-default-us-central1-createPaymentIntent] Retrying task index 0
[debug] [2024-05-07T19:48:52.823Z] >>> [apiv2][query] GET https://cloudfunctions.googleapis.com/v1/operations/cHJlc2VuY2UtOWNjZWQvdXMtY2VudHJhbDEvY3JlYXRlUGF5bWVudEludGVudC93NmhaUWpLcWNvVQ [none]
[debug] [2024-05-07T19:48:53.048Z] <<< [apiv2][status] GET https://cloudfunctions.googleapis.com/v1/operations/cHJlc2VuY2UtOWNjZWQvdXMtY2VudHJhbDEvY3JlYXRlUGF5bWVudEludGVudC93NmhaUWpLcWNvVQ 200
[debug] [2024-05-07T19:48:53.048Z] <<< [apiv2][body] GET https://cloudfunctions.googleapis.com/v1/operations/cHJlc2VuY2UtOWNjZWQvdXMtY2VudHJhbDEvY3JlYXRlUGF5bWVudEludGVudC93NmhaUWpLcWNvVQ {"name":"operations/cHJlc2VuY2UtOWNjZWQvdXMtY2VudHJhbDEvY3JlYXRlUGF5bWVudEludGVudC93NmhaUWpLcWNvVQ","metadata":{"@type":"type.googleapis.com/google.cloud.functions.v1.OperationMetadataV1","target":"projects/presence-9cced/locations/us-central1/functions/createPaymentIntent","type":"CREATE_FUNCTION","request":{"@type":"type.googleapis.com/google.cloud.functions.v1.CloudFunction","name":"projects/presence-9cced/locations/us-central1/functions/createPaymentIntent","httpsTrigger":{"securityLevel":"SECURE_ALWAYS"},"entryPoint":"createPaymentIntent","labels":{"deployment-tool":"cli-firebase","firebase-functions-hash":"348520185ce8bba118f66cac93d92e866f5ab272"},"sourceUploadUrl":"https://storage.googleapis.com/uploads-785531581071.us-central1.cloudfunctions.appspot.com/75ea8689-bc76-4b50-83b7-e60bf39731a0.zip?GoogleAccessId=service-1083294801819@gcf-admin-robot.iam.gserviceaccount.com&Expires=1715113053&Signature=VQxJCAGCMj8O%2BpLyJeU53KFctH9Ky2oUlrh2aWh5Y%2F%2BsDoIVe3%2Bhsio%2BcM%2FInDQAf7%2FnYHoxFG3GwMexwl1%2FKtAOu22gmQr9GSXeYG2ZOTA9me2znSYfEV0ey693GlsHFDrqxG7vwQ6jYKNpxt4uN3YsQk%2BDrUYNV9QD%2BlJ3%2FtPQG%2B0mYmYXqRdoChGwiTpLb0XhOpeC%2Fa1VGX9DpYXDFDKZ0kBGI86tOCjc60BDZBCnsxMwuF7OA4BOsn1RDi%2BGttXUg87iWZSzPu9K9zwmcE93bC5EHN5nyaFsZ3aDJok0Z2yWqynMXten0oQF2sovRY8Fy1l8f%2B8O6AJ0RoLtHg%3D%3D","environmentVariables":{"FIREBASE_CONFIG":"{\"projectId\":\"presence-9cced\",\"storageBucket\":\"presence-9cced.appspot.com\",\"locationId\":\"us-central\"}","GCLOUD_PROJECT":"presence-9cced","EVENTARC_CLOUD_EVENT_SOURCE":"projects/presence-9cced/locations/us-central1/functions/createPaymentIntent"},"runtime":"nodejs18","buildEnvironmentVariables":{"GOOGLE_NODE_RUN_SCRIPTS":""},"dockerRegistry":"ARTIFACT_REGISTRY"},"versionId":"1","updateTime":"2024-05-07T19:47:35Z","buildId":"35ee4523-8146-409a-bccd-7c7566431e09","sourceToken":"b0042d03-775a-43e0-98e0-38d92f79bc6e","buildName":"projects/1083294801819/locations/us-central1/builds/35ee4523-8146-409a-bccd-7c7566431e09"}}
[debug] [2024-05-07T19:48:53.048Z] Got source token b0042d03-775a-43e0-98e0-38d92f79bc6e for region us-central1
[debug] [2024-05-07T19:49:03.049Z] [create-default-us-central1-createPaymentIntent] Retrying task index 0
[debug] [2024-05-07T19:49:03.050Z] >>> [apiv2][query] GET https://cloudfunctions.googleapis.com/v1/operations/cHJlc2VuY2UtOWNjZWQvdXMtY2VudHJhbDEvY3JlYXRlUGF5bWVudEludGVudC93NmhaUWpLcWNvVQ [none]
[debug] [2024-05-07T19:49:03.293Z] <<< [apiv2][status] GET https://cloudfunctions.googleapis.com/v1/operations/cHJlc2VuY2UtOWNjZWQvdXMtY2VudHJhbDEvY3JlYXRlUGF5bWVudEludGVudC93NmhaUWpLcWNvVQ 200
[debug] [2024-05-07T19:49:03.293Z] <<< [apiv2][body] GET https://cloudfunctions.googleapis.com/v1/operations/cHJlc2VuY2UtOWNjZWQvdXMtY2VudHJhbDEvY3JlYXRlUGF5bWVudEludGVudC93NmhaUWpLcWNvVQ {"name":"operations/cHJlc2VuY2UtOWNjZWQvdXMtY2VudHJhbDEvY3JlYXRlUGF5bWVudEludGVudC93NmhaUWpLcWNvVQ","metadata":{"@type":"type.googleapis.com/google.cloud.functions.v1.OperationMetadataV1","target":"projects/presence-9cced/locations/us-central1/functions/createPaymentIntent","type":"CREATE_FUNCTION","request":{"@type":"type.googleapis.com/google.cloud.functions.v1.CloudFunction","name":"projects/presence-9cced/locations/us-central1/functions/createPaymentIntent","httpsTrigger":{"securityLevel":"SECURE_ALWAYS"},"entryPoint":"createPaymentIntent","labels":{"deployment-tool":"cli-firebase","firebase-functions-hash":"348520185ce8bba118f66cac93d92e866f5ab272"},"sourceUploadUrl":"https://storage.googleapis.com/uploads-785531581071.us-central1.cloudfunctions.appspot.com/75ea8689-bc76-4b50-83b7-e60bf39731a0.zip?GoogleAccessId=service-1083294801819@gcf-admin-robot.iam.gserviceaccount.com&Expires=1715113053&Signature=VQxJCAGCMj8O%2BpLyJeU53KFctH9Ky2oUlrh2aWh5Y%2F%2BsDoIVe3%2Bhsio%2BcM%2FInDQAf7%2FnYHoxFG3GwMexwl1%2FKtAOu22gmQr9GSXeYG2ZOTA9me2znSYfEV0ey693GlsHFDrqxG7vwQ6jYKNpxt4uN3YsQk%2BDrUYNV9QD%2BlJ3%2FtPQG%2B0mYmYXqRdoChGwiTpLb0XhOpeC%2Fa1VGX9DpYXDFDKZ0kBGI86tOCjc60BDZBCnsxMwuF7OA4BOsn1RDi%2BGttXUg87iWZSzPu9K9zwmcE93bC5EHN5nyaFsZ3aDJok0Z2yWqynMXten0oQF2sovRY8Fy1l8f%2B8O6AJ0RoLtHg%3D%3D","environmentVariables":{"FIREBASE_CONFIG":"{\"projectId\":\"presence-9cced\",\"storageBucket\":\"presence-9cced.appspot.com\",\"locationId\":\"us-central\"}","GCLOUD_PROJECT":"presence-9cced","EVENTARC_CLOUD_EVENT_SOURCE":"projects/presence-9cced/locations/us-central1/functions/createPaymentIntent"},"runtime":"nodejs18","buildEnvironmentVariables":{"GOOGLE_NODE_RUN_SCRIPTS":""},"dockerRegistry":"ARTIFACT_REGISTRY"},"versionId":"1","updateTime":"2024-05-07T19:48:57Z","buildId":"35ee4523-8146-409a-bccd-7c7566431e09","sourceToken":"b0042d03-775a-43e0-98e0-38d92f79bc6e","buildName":"projects/1083294801819/locations/us-central1/builds/35ee4523-8146-409a-bccd-7c7566431e09"},"done":true,"error":{"code":3,"message":"Function failed on loading user code. This is likely due to a bug in the user code. Error message: Provided module can't be loaded.\nDid you list all required modules in the package.json dependencies?\nDetailed stack trace: Error: Cannot find module 'stripe'\nRequire stack:\n- /workspace/index.js\n- /layers/google.nodejs.functions-framework/functions-framework/node_modules/@google-cloud/functions-framework/build/src/loader.js\n- /layers/google.nodejs.functions-framework/functions-framework/node_modules/@google-cloud/functions-framework/build/src/main.js\n    at Module._resolveFilename (node:internal/modules/cjs/loader:1140:15)\n    at Module._load (node:internal/modules/cjs/loader:981:27)\n    at Module.require (node:internal/modules/cjs/loader:1231:19)\n    at require (node:internal/modules/helpers:177:18)\n    at Object.<anonymous> (/workspace/index.js:3:16)\n    at Module._compile (node:internal/modules/cjs/loader:1364:14)\n    at Module._extensions..js (node:internal/modules/cjs/loader:1422:10)\n    at Module.load (node:internal/modules/cjs/loader:1203:32)\n    at Module._load (node:internal/modules/cjs/loader:1019:12)\n    at Module.require (node:internal/modules/cjs/loader:1231:19)\nCould not load the function, shutting down.. Please visit https://cloud.google.com/functions/docs/troubleshooting for in-depth troubleshooting documentation."}}
[debug] [2024-05-07T19:49:03.294Z] Got source token b0042d03-775a-43e0-98e0-38d92f79bc6e for region us-central1
[error] Function failed on loading user code. This is likely due to a bug in the user code. Error message: Provided module can't be loaded.
Did you list all required modules in the package.json dependencies?
Detailed stack trace: Error: Cannot find module 'stripe'
Require stack:
- /workspace/index.js
- /layers/google.nodejs.functions-framework/functions-framework/node_modules/@google-cloud/functions-framework/build/src/loader.js
- /layers/google.nodejs.functions-framework/functions-framework/node_modules/@google-cloud/functions-framework/build/src/main.js
    at Module._resolveFilename (node:internal/modules/cjs/loader:1140:15)
    at Module._load (node:internal/modules/cjs/loader:981:27)
    at Module.require (node:internal/modules/cjs/loader:1231:19)
    at require (node:internal/modules/helpers:177:18)
    at Object.<anonymous> (/workspace/index.js:3:16)
    at Module._compile (node:internal/modules/cjs/loader:1364:14)
    at Module._extensions..js (node:internal/modules/cjs/loader:1422:10)
    at Module.load (node:internal/modules/cjs/loader:1203:32)
    at Module._load (node:internal/modules/cjs/loader:1019:12)
    at Module.require (node:internal/modules/cjs/loader:1231:19)
Could not load the function, shutting down.. Please visit https://cloud.google.com/functions/docs/troubleshooting for in-depth troubleshooting documentation.
[debug] [2024-05-07T19:49:03.304Z] Total Function Deployment time: 88661
[debug] [2024-05-07T19:49:03.304Z] 1 Functions Deployed
[debug] [2024-05-07T19:49:03.304Z] 1 Functions Errored
[debug] [2024-05-07T19:49:03.304Z] 0 Function Deployments Aborted
[debug] [2024-05-07T19:49:03.304Z] Average Function Deployment time: 88661
[info] 
[info] Functions deploy had errors with the following functions:
	createPaymentIntent(us-central1)
[debug] [2024-05-07T19:49:03.376Z] Not printing URL for HTTPS function. Typically this means it didn't match a filter or we failed deployment
[info] i  functions: cleaning up build files... 
[debug] [2024-05-07T19:49:03.377Z] >>> [apiv2][query] DELETE https://artifactregistry.googleapis.com/v1beta2/projects/presence-9cced/locations/us-central1/repositories/gcf-artifacts/packages/create_payment_intent [none]
[debug] [2024-05-07T19:49:03.378Z] >>> [apiv2][query] GET https://us.gcr.io/v2/presence-9cced/gcf/us-central1/tags/list [none]
[debug] [2024-05-07T19:49:03.845Z] <<< [apiv2][status] DELETE https://artifactregistry.googleapis.com/v1beta2/projects/presence-9cced/locations/us-central1/repositories/gcf-artifacts/packages/create_payment_intent 200
[debug] [2024-05-07T19:49:03.845Z] <<< [apiv2][body] DELETE https://artifactregistry.googleapis.com/v1beta2/projects/presence-9cced/locations/us-central1/repositories/gcf-artifacts/packages/create_payment_intent {"name":"projects/presence-9cced/locations/us-central1/operations/516ddfdd-253b-4ffd-97b7-53f5f6d53a85","metadata":{"@type":"type.googleapis.com/google.devtools.artifactregistry.v1beta2.OperationMetadata"}}
[debug] [2024-05-07T19:49:03.846Z] >>> [apiv2][query] GET https://artifactregistry.googleapis.com/v1beta2/projects/presence-9cced/locations/us-central1/operations/516ddfdd-253b-4ffd-97b7-53f5f6d53a85 [none]
[debug] [2024-05-07T19:49:04.060Z] <<< [apiv2][status] GET https://artifactregistry.googleapis.com/v1beta2/projects/presence-9cced/locations/us-central1/operations/516ddfdd-253b-4ffd-97b7-53f5f6d53a85 200
[debug] [2024-05-07T19:49:04.061Z] <<< [apiv2][body] GET https://artifactregistry.googleapis.com/v1beta2/projects/presence-9cced/locations/us-central1/operations/516ddfdd-253b-4ffd-97b7-53f5f6d53a85 {"name":"projects/presence-9cced/locations/us-central1/operations/516ddfdd-253b-4ffd-97b7-53f5f6d53a85","metadata":{"@type":"type.googleapis.com/google.devtools.artifactregistry.v1beta2.OperationMetadata"},"done":true,"response":{"@type":"type.googleapis.com/google.protobuf.Empty"}}
[debug] [2024-05-07T19:49:04.118Z] <<< [apiv2][status] GET https://us.gcr.io/v2/presence-9cced/gcf/us-central1/tags/list 404
[debug] [2024-05-07T19:49:04.118Z] <<< [apiv2][body] GET https://us.gcr.io/v2/presence-9cced/gcf/us-central1/tags/list {"errors":[{"code":"NAME_UNKNOWN","message":"Repository \"us.gcr.io\" not found"}]}
[debug] [2024-05-07T19:49:04.119Z] Failed docker command with error  HTTP Error: 404, Not Found {"name":"FirebaseError","children":[],"context":{"body":{"errors":[{"code":"NAME_UNKNOWN","message":"Repository \"us.gcr.io\" not found"}],"error":{"message":"Not Found"}},"response":{"statusCode":404}},"exit":1,"message":"HTTP Error: 404, Not Found","status":404}
[debug] [2024-05-07T19:49:04.121Z] >>> [apiv2][query] GET https://us.gcr.io/v2/presence-9cced/gcf/us-central1/tags/list [none]
[debug] [2024-05-07T19:49:04.258Z] <<< [apiv2][status] GET https://us.gcr.io/v2/presence-9cced/gcf/us-central1/tags/list 404
[debug] [2024-05-07T19:49:04.258Z] <<< [apiv2][body] GET https://us.gcr.io/v2/presence-9cced/gcf/us-central1/tags/list {"errors":[{"code":"NAME_UNKNOWN","message":"Repository \"us.gcr.io\" not found"}]}
[debug] [2024-05-07T19:49:04.259Z] Failed docker command with error  HTTP Error: 404, Not Found {"name":"FirebaseError","children":[],"context":{"body":{"errors":[{"code":"NAME_UNKNOWN","message":"Repository \"us.gcr.io\" not found"}],"error":{"message":"Not Found"}},"response":{"statusCode":404}},"exit":1,"message":"HTTP Error: 404, Not Found","status":404}
[debug] [2024-05-07T19:49:04.359Z] >>> [apiv2][query] GET https://us.gcr.io/v2/presence-9cced/gcf/us-central1/tags/list [none]
[debug] [2024-05-07T19:49:04.582Z] <<< [apiv2][status] GET https://us.gcr.io/v2/presence-9cced/gcf/us-central1/tags/list 404
[debug] [2024-05-07T19:49:04.582Z] <<< [apiv2][body] GET https://us.gcr.io/v2/presence-9cced/gcf/us-central1/tags/list {"errors":[{"code":"NAME_UNKNOWN","message":"Repository \"us.gcr.io\" not found"}]}
[debug] [2024-05-07T19:49:04.583Z] Failed docker command with error  HTTP Error: 404, Not Found {"name":"FirebaseError","children":[],"context":{"body":{"errors":[{"code":"NAME_UNKNOWN","message":"Repository \"us.gcr.io\" not found"}],"error":{"message":"Not Found"}},"response":{"statusCode":404}},"exit":1,"message":"HTTP Error: 404, Not Found","status":404}
[warn] ⚠  functions: Unhandled error cleaning up build images. This could result in a small monthly bill if not corrected. You can attempt to delete these images by redeploying or you can delete them manually at https://console.cloud.google.com/gcr/images/presence-9cced/us/gcf 
[debug] [2024-05-07T19:49:04.584Z] Functions deploy failed.
[debug] [2024-05-07T19:49:04.584Z] {
  "endpoint": {
    "id": "createPaymentIntent",
    "project": "presence-9cced",
    "region": "us-central1",
    "entryPoint": "createPaymentIntent",
    "platform": "gcfv1",
    "runtime": "nodejs18",
    "httpsTrigger": {},
    "ingressSettings": null,
    "availableMemoryMb": null,
    "serviceAccount": null,
    "timeoutSeconds": null,
    "maxInstances": null,
    "minInstances": null,
    "vpc": null,
    "environmentVariables": {
      "FIREBASE_CONFIG": "{\"projectId\":\"presence-9cced\",\"storageBucket\":\"presence-9cced.appspot.com\",\"locationId\":\"us-central\"}",
      "GCLOUD_PROJECT": "presence-9cced",
      "EVENTARC_CLOUD_EVENT_SOURCE": "projects/presence-9cced/locations/us-central1/functions/createPaymentIntent"
    },
    "codebase": "default",
    "targetedByOnly": false,
    "hash": "348520185ce8bba118f66cac93d92e866f5ab272",
    "labels": {
      "deployment-tool": "cli-firebase"
    }
  },
  "op": "create",
  "original": {
    "name": "FirebaseError",
    "children": [],
    "exit": 1,
    "message": "Function failed on loading user code. This is likely due to a bug in the user code. Error message: Provided module can't be loaded.\nDid you list all required modules in the package.json dependencies?\nDetailed stack trace: Error: Cannot find module 'stripe'\nRequire stack:\n- /workspace/index.js\n- /layers/google.nodejs.functions-framework/functions-framework/node_modules/@google-cloud/functions-framework/build/src/loader.js\n- /layers/google.nodejs.functions-framework/functions-framework/node_modules/@google-cloud/functions-framework/build/src/main.js\n    at Module._resolveFilename (node:internal/modules/cjs/loader:1140:15)\n    at Module._load (node:internal/modules/cjs/loader:981:27)\n    at Module.require (node:internal/modules/cjs/loader:1231:19)\n    at require (node:internal/modules/helpers:177:18)\n    at Object.<anonymous> (/workspace/index.js:3:16)\n    at Module._compile (node:internal/modules/cjs/loader:1364:14)\n    at Module._extensions..js (node:internal/modules/cjs/loader:1422:10)\n    at Module.load (node:internal/modules/cjs/loader:1203:32)\n    at Module._load (node:internal/modules/cjs/loader:1019:12)\n    at Module.require (node:internal/modules/cjs/loader:1231:19)\nCould not load the function, shutting down.. Please visit https://cloud.google.com/functions/docs/troubleshooting for in-depth troubleshooting documentation.",
    "status": 3,
    "code": 3
  }
}
[debug] [2024-05-07T19:49:04.612Z] Error: Failed to create function createPaymentIntent in region us-central1
    at /usr/local/lib/node_modules/firebase-tools/lib/deploy/functions/release/fabricator.js:51:11
    at process.processTicksAndRejections (node:internal/process/task_queues:95:5)
    at async Fabricator.createV1Function (/usr/local/lib/node_modules/firebase-tools/lib/deploy/functions/release/fabricator.js:181:32)
    at async Fabricator.createEndpoint (/usr/local/lib/node_modules/firebase-tools/lib/deploy/functions/release/fabricator.js:133:13)
    at async handle (/usr/local/lib/node_modules/firebase-tools/lib/deploy/functions/release/fabricator.js:88:17)
[error] 
[error] Error: There was an error deploying functions
